2025-04-02 13:54:20 [[92mINFO[0m] Program spuštěn.
2025-04-02 13:54:20 [[92mINFO[0m] Čtu soubor: D:\Unicorn Collage\4.semestr\AI_new\hw_3\dsjc125.9.col.txt
2025-04-02 13:54:20 [[92mINFO[0m] Nalezeno 125 vrcholů.
2025-04-02 13:54:20 [[92mINFO[0m] Dokončeno načítání grafu.
2025-04-02 13:54:20 [[92mINFO[0m] Graf byl úspěšně načten.
2025-04-02 13:54:20 [[92mINFO[0m] Spouštím DSATUR obarvení grafu.
2025-04-02 13:54:20 [[94mITEM[0m] DSATUR: Vrchol 95 přiřazen barva 1
2025-04-02 13:54:20 [[94mITEM[0m] DSATUR: Vrchol 101 přiřazen barva 2
2025-04-02 13:54:20 [[94mITEM[0m] DSATUR: Vrchol 9 přiřazen barva 3
2025-04-02 13:54:20 [[94mITEM[0m] DSATUR: Vrchol 66 přiřazen barva 4
2025-04-02 13:54:20 [[94mITEM[0m] DSATUR: Vrchol 78 přiřazen barva 5
2025-04-02 13:54:20 [[94mITEM[0m] DSATUR: Vrchol 89 přiřazen barva 6
2025-04-02 13:54:20 [[94mITEM[0m] DSATUR: Vrchol 10 přiřazen barva 7
2025-04-02 13:54:20 [[94mITEM[0m] DSATUR: Vrchol 32 přiřazen barva 8
2025-04-02 13:54:20 [[94mITEM[0m] DSATUR: Vrchol 49 přiřazen barva 9
2025-04-02 13:54:20 [[94mITEM[0m] DSATUR: Vrchol 50 přiřazen barva 10
2025-04-02 13:54:20 [[94mITEM[0m] DSATUR: Vrchol 109 přiřazen barva 11
2025-04-02 13:54:20 [[94mITEM[0m] DSATUR: Vrchol 112 přiřazen barva 12
2025-04-02 13:54:20 [[94mITEM[0m] DSATUR: Vrchol 1 přiřazen barva 13
2025-04-02 13:54:20 [[94mITEM[0m] DSATUR: Vrchol 3 přiřazen barva 14
2025-04-02 13:54:20 [[94mITEM[0m] DSATUR: Vrchol 34 přiřazen barva 15
2025-04-02 13:54:20 [[94mITEM[0m] DSATUR: Vrchol 37 přiřazen barva 16
2025-04-02 13:54:20 [[94mITEM[0m] DSATUR: Vrchol 38 přiřazen barva 17
2025-04-02 13:54:20 [[94mITEM[0m] DSATUR: Vrchol 65 přiřazen barva 18
2025-04-02 13:54:20 [[94mITEM[0m] DSATUR: Vrchol 108 přiřazen barva 19
2025-04-02 13:54:20 [[94mITEM[0m] DSATUR: Vrchol 36 přiřazen barva 20
2025-04-02 13:54:20 [[94mITEM[0m] DSATUR: Vrchol 40 přiřazen barva 21
2025-04-02 13:54:20 [[94mITEM[0m] DSATUR: Vrchol 43 přiřazen barva 22
2025-04-02 13:54:20 [[94mITEM[0m] DSATUR: Vrchol 51 přiřazen barva 23
2025-04-02 13:54:20 [[94mITEM[0m] DSATUR: Vrchol 120 přiřazen barva 24
2025-04-02 13:54:20 [[94mITEM[0m] DSATUR: Vrchol 121 přiřazen barva 25
2025-04-02 13:54:20 [[94mITEM[0m] DSATUR: Vrchol 53 přiřazen barva 26
2025-04-02 13:54:20 [[94mITEM[0m] DSATUR: Vrchol 73 přiřazen barva 27
2025-04-02 13:54:20 [[94mITEM[0m] DSATUR: Vrchol 94 přiřazen barva 28
2025-04-02 13:54:20 [[94mITEM[0m] DSATUR: Vrchol 116 přiřazen barva 29
2025-04-02 13:54:20 [[94mITEM[0m] DSATUR: Vrchol 118 přiřazen barva 27
2025-04-02 13:54:20 [[94mITEM[0m] DSATUR: Vrchol 76 přiřazen barva 30
2025-04-02 13:54:20 [[94mITEM[0m] DSATUR: Vrchol 70 přiřazen barva 12
2025-04-02 13:54:20 [[94mITEM[0m] DSATUR: Vrchol 6 přiřazen barva 25
2025-04-02 13:54:20 [[94mITEM[0m] DSATUR: Vrchol 15 přiřazen barva 31
2025-04-02 13:54:20 [[94mITEM[0m] DSATUR: Vrchol 11 přiřazen barva 26
2025-04-02 13:54:20 [[94mITEM[0m] DSATUR: Vrchol 104 přiřazen barva 27
2025-04-02 13:54:20 [[94mITEM[0m] DSATUR: Vrchol 13 přiřazen barva 29
2025-04-02 13:54:20 [[94mITEM[0m] DSATUR: Vrchol 92 přiřazen barva 30
2025-04-02 13:54:20 [[94mITEM[0m] DSATUR: Vrchol 28 přiřazen barva 32
2025-04-02 13:54:20 [[94mITEM[0m] DSATUR: Vrchol 14 přiřazen barva 20
2025-04-02 13:54:20 [[94mITEM[0m] DSATUR: Vrchol 45 přiřazen barva 33
2025-04-02 13:54:20 [[94mITEM[0m] DSATUR: Vrchol 18 přiřazen barva 21
2025-04-02 13:54:20 [[94mITEM[0m] DSATUR: Vrchol 4 přiřazen barva 31
2025-04-02 13:54:20 [[94mITEM[0m] DSATUR: Vrchol 107 přiřazen barva 6
2025-04-02 13:54:20 [[94mITEM[0m] DSATUR: Vrchol 81 přiřazen barva 15
2025-04-02 13:54:20 [[94mITEM[0m] DSATUR: Vrchol 82 přiřazen barva 8
2025-04-02 13:54:20 [[94mITEM[0m] DSATUR: Vrchol 77 přiřazen barva 34
2025-04-02 13:54:20 [[94mITEM[0m] DSATUR: Vrchol 35 přiřazen barva 7
2025-04-02 13:54:20 [[94mITEM[0m] DSATUR: Vrchol 123 přiřazen barva 14
2025-04-02 13:54:20 [[94mITEM[0m] DSATUR: Vrchol 59 přiřazen barva 25
2025-04-02 13:54:20 [[94mITEM[0m] DSATUR: Vrchol 102 přiřazen barva 24
2025-04-02 13:54:20 [[94mITEM[0m] DSATUR: Vrchol 115 přiřazen barva 35
2025-04-02 13:54:20 [[94mITEM[0m] DSATUR: Vrchol 88 přiřazen barva 22
2025-04-02 13:54:20 [[94mITEM[0m] DSATUR: Vrchol 98 přiřazen barva 36
2025-04-02 13:54:20 [[94mITEM[0m] DSATUR: Vrchol 122 přiřazen barva 19
2025-04-02 13:54:20 [[94mITEM[0m] DSATUR: Vrchol 103 přiřazen barva 37
2025-04-02 13:54:20 [[94mITEM[0m] DSATUR: Vrchol 61 přiřazen barva 17
2025-04-02 13:54:20 [[94mITEM[0m] DSATUR: Vrchol 84 přiřazen barva 35
2025-04-02 13:54:20 [[94mITEM[0m] DSATUR: Vrchol 7 přiřazen barva 10
2025-04-02 13:54:20 [[94mITEM[0m] DSATUR: Vrchol 87 přiřazen barva 37
2025-04-02 13:54:20 [[94mITEM[0m] DSATUR: Vrchol 33 přiřazen barva 38
2025-04-02 13:54:20 [[94mITEM[0m] DSATUR: Vrchol 48 přiřazen barva 33
2025-04-02 13:54:20 [[94mITEM[0m] DSATUR: Vrchol 124 přiřazen barva 39
2025-04-02 13:54:20 [[94mITEM[0m] DSATUR: Vrchol 56 přiřazen barva 18
2025-04-02 13:54:20 [[94mITEM[0m] DSATUR: Vrchol 79 přiřazen barva 40
2025-04-02 13:54:20 [[94mITEM[0m] DSATUR: Vrchol 16 přiřazen barva 32
2025-04-02 13:54:20 [[94mITEM[0m] DSATUR: Vrchol 22 přiřazen barva 28
2025-04-02 13:54:20 [[94mITEM[0m] DSATUR: Vrchol 106 přiřazen barva 13
2025-04-02 13:54:20 [[94mITEM[0m] DSATUR: Vrchol 27 přiřazen barva 41
2025-04-02 13:54:20 [[94mITEM[0m] DSATUR: Vrchol 83 přiřazen barva 21
2025-04-02 13:54:20 [[94mITEM[0m] DSATUR: Vrchol 39 přiřazen barva 31
2025-04-02 13:54:20 [[94mITEM[0m] DSATUR: Vrchol 93 přiřazen barva 23
2025-04-02 13:54:20 [[94mITEM[0m] DSATUR: Vrchol 67 přiřazen barva 26
2025-04-02 13:54:20 [[94mITEM[0m] DSATUR: Vrchol 96 přiřazen barva 1
2025-04-02 13:54:20 [[94mITEM[0m] DSATUR: Vrchol 26 přiřazen barva 40
2025-04-02 13:54:20 [[94mITEM[0m] DSATUR: Vrchol 62 přiřazen barva 42
2025-04-02 13:54:20 [[94mITEM[0m] DSATUR: Vrchol 41 přiřazen barva 28
2025-04-02 13:54:20 [[94mITEM[0m] DSATUR: Vrchol 44 přiřazen barva 4
2025-04-02 13:54:20 [[94mITEM[0m] DSATUR: Vrchol 75 přiřazen barva 43
2025-04-02 13:54:20 [[94mITEM[0m] DSATUR: Vrchol 57 přiřazen barva 34
2025-04-02 13:54:20 [[94mITEM[0m] DSATUR: Vrchol 21 přiřazen barva 44
2025-04-02 13:54:20 [[94mITEM[0m] DSATUR: Vrchol 100 přiřazen barva 36
2025-04-02 13:54:20 [[94mITEM[0m] DSATUR: Vrchol 12 přiřazen barva 17
2025-04-02 13:54:20 [[94mITEM[0m] DSATUR: Vrchol 58 přiřazen barva 38
2025-04-02 13:54:20 [[94mITEM[0m] DSATUR: Vrchol 31 přiřazen barva 11
2025-04-02 13:54:20 [[94mITEM[0m] DSATUR: Vrchol 97 přiřazen barva 45
2025-04-02 13:54:20 [[94mITEM[0m] DSATUR: Vrchol 85 přiřazen barva 46
2025-04-02 13:54:20 [[94mITEM[0m] DSATUR: Vrchol 99 přiřazen barva 9
2025-04-02 13:54:20 [[94mITEM[0m] DSATUR: Vrchol 52 přiřazen barva 42
2025-04-02 13:54:20 [[94mITEM[0m] DSATUR: Vrchol 90 přiřazen barva 22
2025-04-02 13:54:20 [[94mITEM[0m] DSATUR: Vrchol 17 přiřazen barva 39
2025-04-02 13:54:20 [[94mITEM[0m] DSATUR: Vrchol 119 přiřazen barva 46
2025-04-02 13:54:20 [[94mITEM[0m] DSATUR: Vrchol 117 přiřazen barva 5
2025-04-02 13:54:20 [[94mITEM[0m] DSATUR: Vrchol 69 přiřazen barva 16
2025-04-02 13:54:20 [[94mITEM[0m] DSATUR: Vrchol 111 přiřazen barva 47
2025-04-02 13:54:20 [[94mITEM[0m] DSATUR: Vrchol 110 přiřazen barva 48
2025-04-02 13:54:20 [[94mITEM[0m] DSATUR: Vrchol 46 přiřazen barva 43
2025-04-02 13:54:20 [[94mITEM[0m] DSATUR: Vrchol 86 přiřazen barva 49
2025-04-02 13:54:20 [[94mITEM[0m] DSATUR: Vrchol 63 přiřazen barva 50
2025-04-02 13:54:20 [[94mITEM[0m] DSATUR: Vrchol 54 přiřazen barva 41
2025-04-02 13:54:20 [[94mITEM[0m] DSATUR: Vrchol 55 přiřazen barva 3
2025-04-02 13:54:20 [[94mITEM[0m] DSATUR: Vrchol 80 přiřazen barva 45
2025-04-02 13:54:20 [[94mITEM[0m] DSATUR: Vrchol 91 přiřazen barva 33
2025-04-02 13:54:20 [[94mITEM[0m] DSATUR: Vrchol 71 přiřazen barva 34
2025-04-02 13:54:20 [[94mITEM[0m] DSATUR: Vrchol 8 přiřazen barva 10
2025-04-02 13:54:20 [[94mITEM[0m] DSATUR: Vrchol 64 přiřazen barva 44
2025-04-02 13:54:20 [[94mITEM[0m] DSATUR: Vrchol 29 přiřazen barva 24
2025-04-02 13:54:20 [[94mITEM[0m] DSATUR: Vrchol 24 přiřazen barva 6
2025-04-02 13:54:20 [[94mITEM[0m] DSATUR: Vrchol 125 přiřazen barva 39
2025-04-02 13:54:20 [[94mITEM[0m] DSATUR: Vrchol 74 přiřazen barva 2
2025-04-02 13:54:20 [[94mITEM[0m] DSATUR: Vrchol 47 přiřazen barva 48
2025-04-02 13:54:20 [[94mITEM[0m] DSATUR: Vrchol 23 přiřazen barva 47
2025-04-02 13:54:20 [[94mITEM[0m] DSATUR: Vrchol 60 přiřazen barva 29
2025-04-02 13:54:20 [[94mITEM[0m] DSATUR: Vrchol 30 přiřazen barva 50
2025-04-02 13:54:20 [[94mITEM[0m] DSATUR: Vrchol 42 přiřazen barva 51
2025-04-02 13:54:20 [[94mITEM[0m] DSATUR: Vrchol 72 přiřazen barva 35
2025-04-02 13:54:20 [[94mITEM[0m] DSATUR: Vrchol 5 přiřazen barva 36
2025-04-02 13:54:20 [[94mITEM[0m] DSATUR: Vrchol 105 přiřazen barva 7
2025-04-02 13:54:20 [[94mITEM[0m] DSATUR: Vrchol 68 přiřazen barva 43
2025-04-02 13:54:20 [[94mITEM[0m] DSATUR: Vrchol 114 přiřazen barva 3
2025-04-02 13:54:20 [[94mITEM[0m] DSATUR: Vrchol 25 přiřazen barva 49
2025-04-02 13:54:20 [[94mITEM[0m] DSATUR: Vrchol 113 přiřazen barva 14
2025-04-02 13:54:20 [[94mITEM[0m] DSATUR: Vrchol 19 přiřazen barva 51
2025-04-02 13:54:20 [[94mITEM[0m] DSATUR: Vrchol 2 přiřazen barva 23
2025-04-02 13:54:20 [[94mITEM[0m] DSATUR: Vrchol 20 přiřazen barva 16
2025-04-02 13:54:20 [[92mINFO[0m] DSATUR obarvení dokončeno.
2025-04-02 13:54:20 [[92mINFO[0m] DSATUR řešení použilo 51 barev.
2025-04-02 13:54:20 [[92mINFO[0m] Spouštím lokální vyhledávání pro zlepšení obarvení.
2025-04-02 13:54:20 [[94mITEM[0m] Vrchol 2: barva změněna z 23 na 44
2025-04-02 13:54:20 [[94mITEM[0m] Vrchol 9: barva změněna z 3 na 51
2025-04-02 13:54:20 [[94mITEM[0m] Vrchol 20: barva změněna z 16 na 40
2025-04-02 13:54:20 [[94mITEM[0m] Vrchol 27: barva změněna z 41 na 3
2025-04-02 13:54:20 [[94mITEM[0m] Vrchol 30: barva změněna z 50 na 41
2025-04-02 13:54:20 [[94mITEM[0m] Vrchol 32: barva změněna z 8 na 50
2025-04-02 13:54:20 [[94mITEM[0m] Vrchol 33: barva změněna z 38 na 50
2025-04-02 13:54:20 [[94mITEM[0m] Vrchol 34: barva změněna z 15 na 8
2025-04-02 13:54:20 [[94mITEM[0m] Vrchol 38: barva změněna z 17 na 38
2025-04-02 13:54:20 [[94mITEM[0m] Vrchol 45: barva změněna z 33 na 49
2025-04-02 13:54:20 [[94mITEM[0m] Vrchol 46: barva změněna z 43 na 15
2025-04-02 13:54:20 [[94mITEM[0m] Vrchol 52: barva změněna z 42 na 33
2025-04-02 13:54:20 [[94mITEM[0m] Vrchol 54: barva změněna z 41 na 42
2025-04-02 13:54:20 [[94mITEM[0m] Vrchol 58: barva změněna z 38 na 41
2025-04-02 13:54:20 [[94mITEM[0m] Vrchol 61: barva změněna z 17 na 38
2025-04-02 13:54:20 [[94mITEM[0m] Vrchol 74: barva změněna z 2 na 16
2025-04-02 13:54:20 [[94mITEM[0m] Vrchol 86: barva změněna z 49 na 17
2025-04-02 13:54:20 [[94mITEM[0m] Vrchol 87: barva změněna z 37 na 45
2025-04-02 13:54:20 [[94mITEM[0m] Vrchol 90: barva změněna z 22 na 37
2025-04-02 13:54:20 [[94mITEM[0m] Vrchol 91: barva změněna z 33 na 49
2025-04-02 13:54:20 [[94mITEM[0m] Vrchol 103: barva změněna z 37 na 42
2025-04-02 13:54:20 [[94mITEM[0m] Vrchol 105: barva změněna z 7 na 2
2025-04-02 13:54:20 [[94mITEM[0m] Vrchol 107: barva změněna z 6 na 35
2025-04-02 13:54:20 [[94mITEM[0m] Vrchol 113: barva změněna z 14 na 17
2025-04-02 13:54:20 [[94mITEM[0m] Vrchol 117: barva změněna z 5 na 37
2025-04-02 13:54:20 [[94mITEM[0m] Vrchol 125: barva změněna z 39 na 5
2025-04-02 13:54:20 [[93mWARNING[0m] Lokální vyhledávání bylo ukončeno po dosažení maximálního počtu iterací.
2025-04-02 13:54:20 [[92mINFO[0m] Lokální vyhledávání dokončeno po 1 iteracích.
2025-04-02 13:54:20 [[92mINFO[0m] Lokální vyhledávání (DSATUR) dosáhlo obarvení s 51 barvami.
2025-04-02 13:54:20 [[92mINFO[0m] Běh programu trval 0.08 sekund.

2025-04-02 13:54:20 [[94mITEM[0m] Finální obarvení vrcholů (DSATUR):
2025-04-02 13:54:20 [[94mITEM[0m] Vrchol 1: barva 13
2025-04-02 13:54:20 [[94mITEM[0m] Vrchol 2: barva 23
2025-04-02 13:54:20 [[94mITEM[0m] Vrchol 3: barva 14
2025-04-02 13:54:20 [[94mITEM[0m] Vrchol 4: barva 31
2025-04-02 13:54:20 [[94mITEM[0m] Vrchol 5: barva 36
2025-04-02 13:54:20 [[94mITEM[0m] Vrchol 6: barva 25
2025-04-02 13:54:20 [[94mITEM[0m] Vrchol 7: barva 10
2025-04-02 13:54:20 [[94mITEM[0m] Vrchol 8: barva 10
2025-04-02 13:54:20 [[94mITEM[0m] Vrchol 9: barva 3
2025-04-02 13:54:20 [[94mITEM[0m] Vrchol 10: barva 7
2025-04-02 13:54:20 [[94mITEM[0m] Vrchol 11: barva 26
2025-04-02 13:54:20 [[94mITEM[0m] Vrchol 12: barva 17
2025-04-02 13:54:20 [[94mITEM[0m] Vrchol 13: barva 29
2025-04-02 13:54:20 [[94mITEM[0m] Vrchol 14: barva 20
2025-04-02 13:54:20 [[94mITEM[0m] Vrchol 15: barva 31
2025-04-02 13:54:20 [[94mITEM[0m] Vrchol 16: barva 32
2025-04-02 13:54:20 [[94mITEM[0m] Vrchol 17: barva 39
2025-04-02 13:54:20 [[94mITEM[0m] Vrchol 18: barva 21
2025-04-02 13:54:20 [[94mITEM[0m] Vrchol 19: barva 51
2025-04-02 13:54:20 [[94mITEM[0m] Vrchol 20: barva 16
2025-04-02 13:54:20 [[94mITEM[0m] Vrchol 21: barva 44
2025-04-02 13:54:20 [[94mITEM[0m] Vrchol 22: barva 28
2025-04-02 13:54:20 [[94mITEM[0m] Vrchol 23: barva 47
2025-04-02 13:54:20 [[94mITEM[0m] Vrchol 24: barva 6
2025-04-02 13:54:20 [[94mITEM[0m] Vrchol 25: barva 49
2025-04-02 13:54:20 [[94mITEM[0m] Vrchol 26: barva 40
2025-04-02 13:54:20 [[94mITEM[0m] Vrchol 27: barva 41
2025-04-02 13:54:20 [[94mITEM[0m] Vrchol 28: barva 32
2025-04-02 13:54:20 [[94mITEM[0m] Vrchol 29: barva 24
2025-04-02 13:54:20 [[94mITEM[0m] Vrchol 30: barva 50
2025-04-02 13:54:20 [[94mITEM[0m] Vrchol 31: barva 11
2025-04-02 13:54:20 [[94mITEM[0m] Vrchol 32: barva 8
2025-04-02 13:54:20 [[94mITEM[0m] Vrchol 33: barva 38
2025-04-02 13:54:20 [[94mITEM[0m] Vrchol 34: barva 15
2025-04-02 13:54:20 [[94mITEM[0m] Vrchol 35: barva 7
2025-04-02 13:54:20 [[94mITEM[0m] Vrchol 36: barva 20
2025-04-02 13:54:20 [[94mITEM[0m] Vrchol 37: barva 16
2025-04-02 13:54:20 [[94mITEM[0m] Vrchol 38: barva 17
2025-04-02 13:54:20 [[94mITEM[0m] Vrchol 39: barva 31
2025-04-02 13:54:20 [[94mITEM[0m] Vrchol 40: barva 21
2025-04-02 13:54:20 [[94mITEM[0m] Vrchol 41: barva 28
2025-04-02 13:54:20 [[94mITEM[0m] Vrchol 42: barva 51
2025-04-02 13:54:20 [[94mITEM[0m] Vrchol 43: barva 22
2025-04-02 13:54:20 [[94mITEM[0m] Vrchol 44: barva 4
2025-04-02 13:54:20 [[94mITEM[0m] Vrchol 45: barva 33
2025-04-02 13:54:20 [[94mITEM[0m] Vrchol 46: barva 43
2025-04-02 13:54:20 [[94mITEM[0m] Vrchol 47: barva 48
2025-04-02 13:54:20 [[94mITEM[0m] Vrchol 48: barva 33
2025-04-02 13:54:20 [[94mITEM[0m] Vrchol 49: barva 9
2025-04-02 13:54:20 [[94mITEM[0m] Vrchol 50: barva 10
2025-04-02 13:54:20 [[94mITEM[0m] Vrchol 51: barva 23
2025-04-02 13:54:20 [[94mITEM[0m] Vrchol 52: barva 42
2025-04-02 13:54:20 [[94mITEM[0m] Vrchol 53: barva 26
2025-04-02 13:54:20 [[94mITEM[0m] Vrchol 54: barva 41
2025-04-02 13:54:20 [[94mITEM[0m] Vrchol 55: barva 3
2025-04-02 13:54:20 [[94mITEM[0m] Vrchol 56: barva 18
2025-04-02 13:54:20 [[94mITEM[0m] Vrchol 57: barva 34
2025-04-02 13:54:20 [[94mITEM[0m] Vrchol 58: barva 38
2025-04-02 13:54:20 [[94mITEM[0m] Vrchol 59: barva 25
2025-04-02 13:54:20 [[94mITEM[0m] Vrchol 60: barva 29
2025-04-02 13:54:20 [[94mITEM[0m] Vrchol 61: barva 17
2025-04-02 13:54:20 [[94mITEM[0m] Vrchol 62: barva 42
2025-04-02 13:54:20 [[94mITEM[0m] Vrchol 63: barva 50
2025-04-02 13:54:20 [[94mITEM[0m] Vrchol 64: barva 44
2025-04-02 13:54:20 [[94mITEM[0m] Vrchol 65: barva 18
2025-04-02 13:54:20 [[94mITEM[0m] Vrchol 66: barva 4
2025-04-02 13:54:20 [[94mITEM[0m] Vrchol 67: barva 26
2025-04-02 13:54:20 [[94mITEM[0m] Vrchol 68: barva 43
2025-04-02 13:54:20 [[94mITEM[0m] Vrchol 69: barva 16
2025-04-02 13:54:20 [[94mITEM[0m] Vrchol 70: barva 12
2025-04-02 13:54:20 [[94mITEM[0m] Vrchol 71: barva 34
2025-04-02 13:54:20 [[94mITEM[0m] Vrchol 72: barva 35
2025-04-02 13:54:20 [[94mITEM[0m] Vrchol 73: barva 27
2025-04-02 13:54:20 [[94mITEM[0m] Vrchol 74: barva 2
2025-04-02 13:54:20 [[94mITEM[0m] Vrchol 75: barva 43
2025-04-02 13:54:20 [[94mITEM[0m] Vrchol 76: barva 30
2025-04-02 13:54:20 [[94mITEM[0m] Vrchol 77: barva 34
2025-04-02 13:54:20 [[94mITEM[0m] Vrchol 78: barva 5
2025-04-02 13:54:20 [[94mITEM[0m] Vrchol 79: barva 40
2025-04-02 13:54:20 [[94mITEM[0m] Vrchol 80: barva 45
2025-04-02 13:54:20 [[94mITEM[0m] Vrchol 81: barva 15
2025-04-02 13:54:20 [[94mITEM[0m] Vrchol 82: barva 8
2025-04-02 13:54:20 [[94mITEM[0m] Vrchol 83: barva 21
2025-04-02 13:54:20 [[94mITEM[0m] Vrchol 84: barva 35
2025-04-02 13:54:20 [[94mITEM[0m] Vrchol 85: barva 46
2025-04-02 13:54:20 [[94mITEM[0m] Vrchol 86: barva 49
2025-04-02 13:54:20 [[94mITEM[0m] Vrchol 87: barva 37
2025-04-02 13:54:20 [[94mITEM[0m] Vrchol 88: barva 22
2025-04-02 13:54:20 [[94mITEM[0m] Vrchol 89: barva 6
2025-04-02 13:54:20 [[94mITEM[0m] Vrchol 90: barva 22
2025-04-02 13:54:20 [[94mITEM[0m] Vrchol 91: barva 33
2025-04-02 13:54:20 [[94mITEM[0m] Vrchol 92: barva 30
2025-04-02 13:54:20 [[94mITEM[0m] Vrchol 93: barva 23
2025-04-02 13:54:20 [[94mITEM[0m] Vrchol 94: barva 28
2025-04-02 13:54:20 [[94mITEM[0m] Vrchol 95: barva 1
2025-04-02 13:54:20 [[94mITEM[0m] Vrchol 96: barva 1
2025-04-02 13:54:20 [[94mITEM[0m] Vrchol 97: barva 45
2025-04-02 13:54:20 [[94mITEM[0m] Vrchol 98: barva 36
2025-04-02 13:54:20 [[94mITEM[0m] Vrchol 99: barva 9
2025-04-02 13:54:20 [[94mITEM[0m] Vrchol 100: barva 36
2025-04-02 13:54:20 [[94mITEM[0m] Vrchol 101: barva 2
2025-04-02 13:54:20 [[94mITEM[0m] Vrchol 102: barva 24
2025-04-02 13:54:20 [[94mITEM[0m] Vrchol 103: barva 37
2025-04-02 13:54:20 [[94mITEM[0m] Vrchol 104: barva 27
2025-04-02 13:54:20 [[94mITEM[0m] Vrchol 105: barva 7
2025-04-02 13:54:20 [[94mITEM[0m] Vrchol 106: barva 13
2025-04-02 13:54:20 [[94mITEM[0m] Vrchol 107: barva 6
2025-04-02 13:54:20 [[94mITEM[0m] Vrchol 108: barva 19
2025-04-02 13:54:20 [[94mITEM[0m] Vrchol 109: barva 11
2025-04-02 13:54:20 [[94mITEM[0m] Vrchol 110: barva 48
2025-04-02 13:54:20 [[94mITEM[0m] Vrchol 111: barva 47
2025-04-02 13:54:20 [[94mITEM[0m] Vrchol 112: barva 12
2025-04-02 13:54:20 [[94mITEM[0m] Vrchol 113: barva 14
2025-04-02 13:54:20 [[94mITEM[0m] Vrchol 114: barva 3
2025-04-02 13:54:20 [[94mITEM[0m] Vrchol 115: barva 35
2025-04-02 13:54:20 [[94mITEM[0m] Vrchol 116: barva 29
2025-04-02 13:54:20 [[94mITEM[0m] Vrchol 117: barva 5
2025-04-02 13:54:20 [[94mITEM[0m] Vrchol 118: barva 27
2025-04-02 13:54:20 [[94mITEM[0m] Vrchol 119: barva 46
2025-04-02 13:54:20 [[94mITEM[0m] Vrchol 120: barva 24
2025-04-02 13:54:20 [[94mITEM[0m] Vrchol 121: barva 25
2025-04-02 13:54:20 [[94mITEM[0m] Vrchol 122: barva 19
2025-04-02 13:54:20 [[94mITEM[0m] Vrchol 123: barva 14
2025-04-02 13:54:20 [[94mITEM[0m] Vrchol 124: barva 39
2025-04-02 13:54:20 [[94mITEM[0m] Vrchol 125: barva 39
